<?xml version="1.0" encoding="UTF-8"?>
<!-- Generated by org.testng.reporters.JUnitReportReporter -->
<testsuite hostname="QSIH-00493" name="com.nk.pages.HomePageTest" tests="1" failures="0" timestamp="2 Aug 2015 17:19:21 GMT" time="0.170" errors="0">
  <testcase name="testcheckup" time="0.170" classname="com.nk.pages.HomePageTest"/>
</testsuite>
