<?xml version="1.0" encoding="UTF-8"?>
<!-- Generated by org.testng.reporters.JUnitReportReporter -->
<testsuite hostname="QSIH-00493" name="com.nk.tests.ReddyTest" tests="1" failures="0" timestamp="18 Aug 2015 14:49:52 GMT" time="21.304" errors="0">
  <testcase name="verifyhomesitelogo" time="21.304" classname="com.nk.tests.ReddyTest"/>
</testsuite> <!-- com.nk.tests.ReddyTest -->
