<?xml version="1.0" encoding="UTF-8"?>
<!-- Generated by org.testng.reporters.JUnitReportReporter -->
<testsuite hostname="QSIH-00493" name="com.nk.pomtests.HomePageTests" tests="1" failures="0" timestamp="16 Aug 2015 08:07:51 GMT" time="22.407" errors="0">
  <testcase name="verifyLogin" time="22.407" classname="com.nk.pomtests.HomePageTests"/>
</testsuite> <!-- com.nk.pomtests.HomePageTests -->
